Enter Data
enter the number of child of 1
Enter Data
enter the number of child of 2
Enter Data
enter the number of child of 5
Enter Data
enter the number of child of 6
Enter Data
enter the number of child of 3
Enter Data
enter the number of child of 7
Enter Data
enter the number of child of 4
Enter Data
enter the number of child of 8
Enter Data
enter the number of child of 9
Enter Data
enter the number of child of 10
Enter Data
enter the number of child of 11
Enter Data
enter the number of child of 32
1: 2,3,4,
2: 5,6,
5: 
6: 
3: 7,
7: 
4: 8,
8: 9,
9: 10,11,
10: 
11: 32,
32: 
